<?xml version="1.0" encoding="UTF-8"?>
<testsuite xmlns:xsi="http://www.w3.org/2001/XMLSchema-instance" xsi:noNamespaceSchemaLocation="https://maven.apache.org/surefire/maven-surefire-plugin/xsd/surefire-test-report.xsd" name="com.example.javamavenjunithelloworld.HelloAppTest" time="1.089" tests="5" errors="0" skipped="0" failures="0">
  <properties>
[...]
</properties>
  <testcase name="testMain" classname="com.example.javamavenjunithelloworld.HelloAppTest" time="1.047"/>
  <testcase name="classInstanceForCodeCoverageTest" classname="com.example.javamavenjunithelloworld.HelloAppTest" time="0"/>
  <testcase name="testBogusArgument" classname="com.example.javamavenjunithelloworld.HelloAppTest" time="0.016"/>
  <testcase name="testDefaultArgument" classname="com.example.javamavenjunithelloworld.HelloAppTest" time="0.001"/>
  <testcase name="testTooHighArgument" classname="com.example.javamavenjunithelloworld.HelloAppTest" time="0.001"/>
</testsuite>